<?xml version="1.0" encoding="UTF-8"?>
<beans xmlns="http://www.springframework.org/schema/beans"
	xmlns:xsi="http://www.w3.org/2001/XMLSchema-instance"
	xsi:schemaLocation="http://www.springframework.org/schema/beans http://www.springframework.org/schema/beans/spring-beans-4.3.xsd">

	<import resource="common.xml" />
	<import resource="test-conn-activemq.xml" />
	<import resource="test-conn-oracle.xml" />

    <bean id="transactionManager"
        class="org.springframework.data.transaction.ChainedTransactionManager" primary="true">
         <constructor-arg>
            <list>
                <ref bean="ActiveMQTransactionManager"/>
                <ref bean="OracleAQTransactionManager"/>
            </list>
        </constructor-arg>
	</bean>

</beans>